<?xml version="1.0" encoding="UTF-8"?>
<!-- Generated by org.testng.reporters.JUnitReportReporter -->
<testsuite hostname="HME1487-Ashik-MacBook.local" failures="0" tests="3" name="testCases.TC003_LoginDDT" time="30.688" errors="0" timestamp="2025-01-27T22:07:35 IST" skipped="0">
  <testcase classname="testCases.TC003_LoginDDT" name="verify_loginDDT" time="13.091"/>
  <testcase classname="testCases.TC003_LoginDDT" name="verify_loginDDT" time="5.911"/>
  <testcase classname="testCases.TC003_LoginDDT" name="verify_loginDDT" time="11.686"/>
</testsuite> <!-- testCases.TC003_LoginDDT -->
